<?xml version="1.0" encoding="UTF-8" standalone="no"?>
<!DOCTYPE log SYSTEM "logger.dtd">
<log>
<record>
  <date>2018-11-06T12:41:38</date>
  <millis>1541488298612</millis>
  <sequence>0</sequence>
  <level>START</level>
  <class>com.kms.katalon.core.logging.KeywordLogger</class>
  <method>startSuite</method>
  <thread>1</thread>
  <message>Start Test Suite : Test Suites/Demo</message>
  <nestedLevel>0</nestedLevel>
  <property name="name">Demo</property>
  <property name="description"></property>
  <property name="id">Test Suites/Demo</property>
</record>
<record>
  <date>2018-11-06T12:41:38</date>
  <millis>1541488298655</millis>
  <sequence>1</sequence>
  <level>RUN_DATA</level>
  <class>com.kms.katalon.core.logging.KeywordLogger</class>
  <method>logMessage</method>
  <thread>1</thread>
  <message>Logging run data &amp;apos;hostName&amp;apos; with value &amp;apos;AAYENDLURI - AnuradhaYend1IN.amr.smtf.ds&amp;apos;</message>
  <nestedLevel>0</nestedLevel>
  <property name="hostName">AAYENDLURI - AnuradhaYend1IN.amr.smtf.ds</property>
</record>
<record>
  <date>2018-11-06T12:41:38</date>
  <millis>1541488298656</millis>
  <sequence>2</sequence>
  <level>RUN_DATA</level>
  <class>com.kms.katalon.core.logging.KeywordLogger</class>
  <method>logMessage</method>
  <thread>1</thread>
  <message>Logging run data &amp;apos;os&amp;apos; with value &amp;apos;Windows 8.1 64bit&amp;apos;</message>
  <nestedLevel>0</nestedLevel>
  <property name="os">Windows 8.1 64bit</property>
</record>
<record>
  <date>2018-11-06T12:41:38</date>
  <millis>1541488298657</millis>
  <sequence>3</sequence>
  <level>RUN_DATA</level>
  <class>com.kms.katalon.core.logging.KeywordLogger</class>
  <method>logMessage</method>
  <thread>1</thread>
  <message>Logging run data &amp;apos;hostAddress&amp;apos; with value &amp;apos;10.144.222.100&amp;apos;</message>
  <nestedLevel>0</nestedLevel>
  <property name="hostAddress">10.144.222.100</property>
</record>
<record>
  <date>2018-11-06T12:41:38</date>
  <millis>1541488298660</millis>
  <sequence>4</sequence>
  <level>RUN_DATA</level>
  <class>com.kms.katalon.core.logging.KeywordLogger</class>
  <method>logMessage</method>
  <thread>1</thread>
  <message>Logging run data &amp;apos;katalonVersion&amp;apos; with value &amp;apos;5.8.3.2&amp;apos;</message>
  <nestedLevel>0</nestedLevel>
  <property name="katalonVersion">5.8.3.2</property>
</record>
<record>
  <date>2018-11-06T12:41:39</date>
  <millis>1541488299320</millis>
  <sequence>5</sequence>
  <level>START</level>
  <class>com.kms.katalon.core.logging.KeywordLogger</class>
  <method>startTest</method>
  <thread>1</thread>
  <message>Start Test Case : Test Cases/TestCases/Demo/EsbToken</message>
  <nestedLevel>1</nestedLevel>
  <property name="name">Test Cases/TestCases/Demo/EsbToken</property>
  <property name="description"></property>
  <property name="id">Test Cases/TestCases/Demo/EsbToken</property>
  <property name="source">D:\\Sharedkataloncode\\SumtotalAPI\\Test Cases\\TestCases\\Demo\\EsbToken.tc</property>
  <property name="isOptional">false</property>
</record>
<record>
  <date>2018-11-06T12:41:39</date>
  <millis>1541488299375</millis>
  <sequence>6</sequence>
  <level>INFO</level>
  <class>com.kms.katalon.core.logging.KeywordLogger</class>
  <method>logMessage</method>
  <thread>1</thread>
  <message>Evaluating variables for test case</message>
  <nestedLevel>1</nestedLevel>
</record>
<record>
  <date>2018-11-06T12:41:39</date>
  <millis>1541488299927</millis>
  <sequence>7</sequence>
  <level>START</level>
  <class>com.kms.katalon.core.logging.KeywordLogger</class>
  <method>startKeyword</method>
  <thread>1</thread>
  <message>Start action : callTestCase</message>
  <nestedLevel>1</nestedLevel>
  <property name="startLine">17</property>
  <property name="stepIndex">1</property>
</record>
<record>
  <date>2018-11-06T12:41:40</date>
  <millis>1541488300100</millis>
  <sequence>8</sequence>
  <level>INFO</level>
  <class>com.kms.katalon.core.logging.KeywordLogger</class>
  <method>logMessage</method>
  <thread>1</thread>
  <message>Checking called Test Case</message>
  <nestedLevel>1</nestedLevel>
</record>
<record>
  <date>2018-11-06T12:41:40</date>
  <millis>1541488300102</millis>
  <sequence>9</sequence>
  <level>INFO</level>
  <class>com.kms.katalon.core.logging.KeywordLogger</class>
  <method>logMessage</method>
  <thread>1</thread>
  <message>Starting to call Test Case &amp;apos;Test Cases/Common/EsbToken&amp;apos;</message>
  <nestedLevel>1</nestedLevel>
</record>
<record>
  <date>2018-11-06T12:41:40</date>
  <millis>1541488300157</millis>
  <sequence>10</sequence>
  <level>START</level>
  <class>com.kms.katalon.core.logging.KeywordLogger</class>
  <method>startTest</method>
  <thread>1</thread>
  <message>Start Test Case : Test Cases/Common/EsbToken</message>
  <nestedLevel>2</nestedLevel>
  <property name="name">Test Cases/Common/EsbToken</property>
  <property name="description"></property>
  <property name="id">Test Cases/Common/EsbToken</property>
  <property name="source">D:\\Sharedkataloncode\\SumtotalAPI\\Test Cases\\Common\\EsbToken.tc</property>
  <property name="isOptional">false</property>
</record>
<record>
  <date>2018-11-06T12:41:40</date>
  <millis>1541488300226</millis>
  <sequence>11</sequence>
  <level>INFO</level>
  <class>com.kms.katalon.core.logging.KeywordLogger</class>
  <method>logMessage</method>
  <thread>1</thread>
  <message>Evaluating variables for test case</message>
  <nestedLevel>2</nestedLevel>
</record>
<record>
  <date>2018-11-06T12:41:40</date>
  <millis>1541488300229</millis>
  <sequence>12</sequence>
  <level>INFO</level>
  <class>com.kms.katalon.core.logging.KeywordLogger</class>
  <method>logMessage</method>
  <thread>1</thread>
  <message>Variable &amp;apos;username&amp;apos; is set to admin</message>
  <nestedLevel>2</nestedLevel>
</record>
<record>
  <date>2018-11-06T12:41:40</date>
  <millis>1541488300231</millis>
  <sequence>13</sequence>
  <level>INFO</level>
  <class>com.kms.katalon.core.logging.KeywordLogger</class>
  <method>logMessage</method>
  <thread>1</thread>
  <message>Variable &amp;apos;password&amp;apos; is set to Think|Demo</message>
  <nestedLevel>2</nestedLevel>
</record>
<record>
  <date>2018-11-06T12:41:40</date>
  <millis>1541488300791</millis>
  <sequence>14</sequence>
  <level>START</level>
  <class>com.kms.katalon.core.logging.KeywordLogger</class>
  <method>startKeyword</method>
  <thread>1</thread>
  <message>Start action : dbConnectionPackage.DBConnectionKeyword.CloseConnections</message>
  <nestedLevel>1</nestedLevel>
  <property name="startLine">34</property>
  <property name="stepIndex">1</property>
</record>
<record>
  <date>2018-11-06T12:41:40</date>
  <millis>1541488300865</millis>
  <sequence>15</sequence>
  <level>INFO</level>
  <class>com.kms.katalon.core.logging.KeywordLogger</class>
  <method>logMessage</method>
  <thread>1</thread>
  <message>Delaying browser in 10 second(s)</message>
  <nestedLevel>2</nestedLevel>
</record>
